# JRE version: Java(TM) SE Runtime Environment (8.0_144-b01) (build 1.8.0_144-b01)
# Java VM: Java HotSpot(TM) 64-Bit Server VM (25.144-b01 mixed mode windows-amd64 compressed oops)
Heap:
 PSYoungGen      total 185856K, used 80244K [0x00000000eab00000, 0x00000000f7300000, 0x0000000100000000)
  eden space 177152K, 41% used [0x00000000eab00000,0x00000000ef2215e8,0x00000000f5800000)
  from space 8704K, 85% used [0x00000000f6a80000,0x00000000f71bbb50,0x00000000f7300000)
  to   space 13824K, 0% used [0x00000000f5800000,0x00000000f5800000,0x00000000f6580000)
 ParOldGen       total 51712K, used 31015K [0x00000000c0000000, 0x00000000c3280000, 0x00000000eab00000)
  object space 51712K, 59% used [0x00000000c0000000,0x00000000c1e49ed8,0x00000000c3280000)
 Metaspace       used 44430K, capacity 46262K, committed 46504K, reserved 1089536K
  class space    used 6277K, capacity 6821K, committed 6832K, reserved 1048576K
GC Heap History (10 events):
Event: 10.550 GC heap before
{Heap before GC invocations=10 (full 1):
 PSYoungGen      total 110592K, used 110109K [0x00000000eab00000, 0x00000000f3900000, 0x0000000100000000)
  eden space 102400K, 100% used [0x00000000eab00000,0x00000000f0f00000,0x00000000f0f00000)
  from space 8192K, 94% used [0x00000000f3100000,0x00000000f3887400,0x00000000f3900000)
  to   space 9216K, 0% used [0x00000000f2700000,0x00000000f2700000,0x00000000f3000000)
 ParOldGen       total 38400K, used 12069K [0x00000000c0000000, 0x00000000c2580000, 0x00000000eab00000)
  object space 38400K, 31% used [0x00000000c0000000,0x00000000c0bc9708,0x00000000c2580000)
 Metaspace       used 34386K, capacity 35060K, committed 35248K, reserved 1079296K
  class space    used 4776K, capacity 5006K, committed 5040K, reserved 1048576K
Event: 10.569 GC heap after
Heap after GC invocations=10 (full 1):
 PSYoungGen      total 136192K, used 9215K [0x00000000eab00000, 0x00000000f4680000, 0x0000000100000000)
  eden space 126976K, 0% used [0x00000000eab00000,0x00000000eab00000,0x00000000f2700000)
  from space 9216K, 99% used [0x00000000f2700000,0x00000000f2ffff10,0x00000000f3000000)
  to   space 11776K, 0% used [0x00000000f3b00000,0x00000000f3b00000,0x00000000f4680000)
 ParOldGen       total 38400K, used 14983K [0x00000000c0000000, 0x00000000c2580000, 0x00000000eab00000)
  object space 38400K, 39% used [0x00000000c0000000,0x00000000c0ea1ca0,0x00000000c2580000)
 Metaspace       used 34386K, capacity 35060K, committed 35248K, reserved 1079296K
  class space    used 4776K, capacity 5006K, committed 5040K, reserved 1048576K
}
Event: 10.821 GC heap before
{Heap before GC invocations=11 (full 1):
 PSYoungGen      total 136192K, used 33662K [0x00000000eab00000, 0x00000000f4680000, 0x0000000100000000)
  eden space 126976K, 19% used [0x00000000eab00000,0x00000000ec2dfca8,0x00000000f2700000)
  from space 9216K, 99% used [0x00000000f2700000,0x00000000f2ffff10,0x00000000f3000000)
  to   space 11776K, 0% used [0x00000000f3b00000,0x00000000f3b00000,0x00000000f4680000)
 ParOldGen       total 38400K, used 14983K [0x00000000c0000000, 0x00000000c2580000, 0x00000000eab00000)
  object space 38400K, 39% used [0x00000000c0000000,0x00000000c0ea1ca0,0x00000000c2580000)
 Metaspace       used 34686K, capacity 35348K, committed 35496K, reserved 1079296K
  class space    used 4811K, capacity 5038K, committed 5040K, reserved 1048576K
Event: 10.839 GC heap after
Heap after GC invocations=11 (full 1):
 PSYoungGen      total 147968K, used 5655K [0x00000000eab00000, 0x00000000f7100000, 0x0000000100000000)
  eden space 136192K, 0% used [0x00000000eab00000,0x00000000eab00000,0x00000000f3000000)
  from space 11776K, 48% used [0x00000000f3b00000,0x00000000f4085f68,0x00000000f4680000)
  to   space 11264K, 0% used [0x00000000f3000000,0x00000000f3000000,0x00000000f3b00000)
 ParOldGen       total 38400K, used 18527K [0x00000000c0000000, 0x00000000c2580000, 0x00000000eab00000)
  object space 38400K, 48% used [0x00000000c0000000,0x00000000c1217fe0,0x00000000c2580000)
 Metaspace       used 34686K, capacity 35348K, committed 35496K, reserved 1079296K
  class space    used 4811K, capacity 5038K, committed 5040K, reserved 1048576K
}
Event: 10.839 GC heap before
{Heap before GC invocations=12 (full 2):
 PSYoungGen      total 147968K, used 5655K [0x00000000eab00000, 0x00000000f7100000, 0x0000000100000000)
  eden space 136192K, 0% used [0x00000000eab00000,0x00000000eab00000,0x00000000f3000000)
  from space 11776K, 48% used [0x00000000f3b00000,0x00000000f4085f68,0x00000000f4680000)
  to   space 11264K, 0% used [0x00000000f3000000,0x00000000f3000000,0x00000000f3b00000)
 ParOldGen       total 38400K, used 18527K [0x00000000c0000000, 0x00000000c2580000, 0x00000000eab00000)
  object space 38400K, 48% used [0x00000000c0000000,0x00000000c1217fe0,0x00000000c2580000)
 Metaspace       used 34686K, capacity 35348K, committed 35496K, reserved 1079296K
  class space    used 4811K, capacity 5038K, committed 5040K, reserved 1048576K
Event: 10.988 GC heap after
Heap after GC invocations=12 (full 2):
 PSYoungGen      total 147968K, used 0K [0x00000000eab00000, 0x00000000f7100000, 0x0000000100000000)
  eden space 136192K, 0% used [0x00000000eab00000,0x00000000eab00000,0x00000000f3000000)
  from space 11776K, 0% used [0x00000000f3b00000,0x00000000f3b00000,0x00000000f4680000)
  to   space 11264K, 0% used [0x00000000f3000000,0x00000000f3000000,0x00000000f3b00000)
 ParOldGen       total 51712K, used 15213K [0x00000000c0000000, 0x00000000c3280000, 0x00000000eab00000)
  object space 51712K, 29% used [0x00000000c0000000,0x00000000c0edb790,0x00000000c3280000)
 Metaspace       used 34619K, capacity 35198K, committed 35496K, reserved 1079296K
  class space    used 4792K, capacity 4988K, committed 5040K, reserved 1048576K
}
Event: 14.009 GC heap before
{Heap before GC invocations=13 (full 2):
 PSYoungGen      total 147968K, used 136192K [0x00000000eab00000, 0x00000000f7100000, 0x0000000100000000)
  eden space 136192K, 100% used [0x00000000eab00000,0x00000000f3000000,0x00000000f3000000)
  from space 11776K, 0% used [0x00000000f3b00000,0x00000000f3b00000,0x00000000f4680000)
  to   space 11264K, 0% used [0x00000000f3000000,0x00000000f3000000,0x00000000f3b00000)
 ParOldGen       total 51712K, used 15213K [0x00000000c0000000, 0x00000000c3280000, 0x00000000eab00000)
  object space 51712K, 29% used [0x00000000c0000000,0x00000000c0edb790,0x00000000c3280000)
 Metaspace       used 39681K, capacity 40408K, committed 40488K, reserved 1083392K
  class space    used 5641K, capacity 5900K, committed 5936K, reserved 1048576K
Event: 14.044 GC heap after
Heap after GC invocations=13 (full 2):
 PSYoungGen      total 147456K, used 11232K [0x00000000eab00000, 0x00000000f7880000, 0x0000000100000000)
  eden space 136192K, 0% used [0x00000000eab00000,0x00000000eab00000,0x00000000f3000000)
  from space 11264K, 99% used [0x00000000f3000000,0x00000000f3af8030,0x00000000f3b00000)
  to   space 14336K, 0% used [0x00000000f6a80000,0x00000000f6a80000,0x00000000f7880000)
 ParOldGen       total 51712K, used 20007K [0x00000000c0000000, 0x00000000c3280000, 0x00000000eab00000)
  object space 51712K, 38% used [0x00000000c0000000,0x00000000c1389d28,0x00000000c3280000)
 Metaspace       used 39681K, capacity 40408K, committed 40488K, reserved 1083392K
  class space    used 5641K, capacity 5900K, committed 5936K, reserved 1048576K
}
Event: 46.101 GC heap before
{Heap before GC invocations=14 (full 2):
 PSYoungGen      total 147456K, used 147424K [0x00000000eab00000, 0x00000000f7880000, 0x0000000100000000)
  eden space 136192K, 100% used [0x00000000eab00000,0x00000000f3000000,0x00000000f3000000)
  from space 11264K, 99% used [0x00000000f3000000,0x00000000f3af8030,0x00000000f3b00000)
  to   space 14336K, 0% used [0x00000000f6a80000,0x00000000f6a80000,0x00000000f7880000)
 ParOldGen       total 51712K, used 20007K [0x00000000c0000000, 0x00000000c3280000, 0x00000000eab00000)
  object space 51712K, 38% used [0x00000000c0000000,0x00000000c1389d28,0x00000000c3280000)
 Metaspace       used 42721K, capacity 44420K, committed 44456K, reserved 1087488K
  class space    used 6068K, capacity 6574K, committed 6576K, reserved 1048576K
Event: 46.250 GC heap after
Heap after GC invocations=14 (full 2):
 PSYoungGen      total 185856K, used 7406K [0x00000000eab00000, 0x00000000f7300000, 0x0000000100000000)
  eden space 177152K, 0% used [0x00000000eab00000,0x00000000eab00000,0x00000000f5800000)
  from space 8704K, 85% used [0x00000000f6a80000,0x00000000f71bbb50,0x00000000f7300000)
  to   space 13824K, 0% used [0x00000000f5800000,0x00000000f5800000,0x00000000f6580000)
 ParOldGen       total 51712K, used 31015K [0x00000000c0000000, 0x00000000c3280000, 0x00000000eab00000)
  object space 51712K, 59% used [0x00000000c0000000,0x00000000c1e49ed8,0x00000000c3280000)
 Metaspace       used 42721K, capacity 44420K, committed 44456K, reserved 1087488K
  class space    used 6068K, capacity 6574K, committed 6576K, reserved 1048576K
}

